Using pre-set license
Built from '2022.3/staging' branch; Version is '2022.3.22f1 (887be4894c44) revision 8944612'; Using compiler version '192829333'; Build Type 'Release'
OS: 'Windows 10  (10.0.14393) 64bit EnterpriseS' Language: 'ru' Physical Memory: 8121 MB
BatchMode: 1, IsHumanControllingUs: 0, StartBugReporterOnCrash: 0, Is64bit: 1, IsPro: 1

COMMAND LINE ARGUMENTS:
D:\Unity\2022.3.22f1\Editor\Unity.exe
-adb2
-batchMode
-noUpm
-name
AssetImportWorker0
-projectPath
D:/Unity projects/TheLastTowerDefence
-logFile
Logs/AssetImportWorker0.log
-srvPort
51391
Successfully changed project path to: D:/Unity projects/TheLastTowerDefence
D:/Unity projects/TheLastTowerDefence
[UnityMemory] Configuration Parameters - Can be set up in boot.config
    "memorysetup-bucket-allocator-granularity=16"
    "memorysetup-bucket-allocator-bucket-count=8"
    "memorysetup-bucket-allocator-block-size=33554432"
    "memorysetup-bucket-allocator-block-count=8"
    "memorysetup-main-allocator-block-size=16777216"
    "memorysetup-thread-allocator-block-size=16777216"
    "memorysetup-gfx-main-allocator-block-size=16777216"
    "memorysetup-gfx-thread-allocator-block-size=16777216"
    "memorysetup-cache-allocator-block-size=4194304"
    "memorysetup-typetree-allocator-block-size=2097152"
    "memorysetup-profiler-bucket-allocator-granularity=16"
    "memorysetup-profiler-bucket-allocator-bucket-count=8"
    "memorysetup-profiler-bucket-allocator-block-size=33554432"
    "memorysetup-profiler-bucket-allocator-block-count=8"
    "memorysetup-profiler-allocator-block-size=16777216"
    "memorysetup-profiler-editor-allocator-block-size=1048576"
    "memorysetup-temp-allocator-size-main=16777216"
    "memorysetup-job-temp-allocator-block-size=2097152"
    "memorysetup-job-temp-allocator-block-size-background=1048576"
    "memorysetup-job-temp-allocator-reduction-small-platforms=262144"
    "memorysetup-allocator-temp-initial-block-size-main=262144"
    "memorysetup-allocator-temp-initial-block-size-worker=262144"
    "memorysetup-temp-allocator-size-background-worker=32768"
    "memorysetup-temp-allocator-size-job-worker=262144"
    "memorysetup-temp-allocator-size-preload-manager=33554432"
    "memorysetup-temp-allocator-size-nav-mesh-worker=65536"
    "memorysetup-temp-allocator-size-audio-worker=65536"
    "memorysetup-temp-allocator-size-cloud-worker=32768"
    "memorysetup-temp-allocator-size-gi-baking-worker=262144"
    "memorysetup-temp-allocator-size-gfx=262144"
Player connection [5164] Host "[IP] 192.168.0.101 [Port] 0 [Flags] 2 [Guid] 1205227090 [EditorId] 1205227090 [Version] 1048832 [Id] WindowsEditor(7,DESKTOP-136F88O) [Debug] 1 [PackageName] WindowsEditor [ProjectName] Editor" joined multi-casting on [225.0.0.222:54997]...

Player connection [5164] Host "[IP] 192.168.0.101 [Port] 0 [Flags] 2 [Guid] 1205227090 [EditorId] 1205227090 [Version] 1048832 [Id] WindowsEditor(7,DESKTOP-136F88O) [Debug] 1 [PackageName] WindowsEditor [ProjectName] Editor" joined alternative multi-casting on [225.0.0.222:34997]...

[Physics::Module] Initialized MultithreadedJobDispatcher with 3 workers.
Refreshing native plugins compatible for Editor in 24.79 ms, found 3 plugins.
Preloading 0 native plugins for Editor in 0.00 ms.
Initialize engine version: 2022.3.22f1 (887be4894c44)
[Subsystems] Discovering subsystems at path D:/Unity/2022.3.22f1/Editor/Data/Resources/UnitySubsystems
[Subsystems] Discovering subsystems at path D:/Unity projects/TheLastTowerDefence/Assets
GfxDevice: creating device client; threaded=0; jobified=0
Direct3D:
    Version:  Direct3D 11.0 [level 11.1]
    Renderer: Radeon RX550/550 Series (ID=0x699f)
    Vendor:   ATI
    VRAM:     4077 MB
    Driver:   26.20.11015.9003
Initialize mono
Mono path[0] = 'D:/Unity/2022.3.22f1/Editor/Data/Managed'
Mono path[1] = 'D:/Unity/2022.3.22f1/Editor/Data/MonoBleedingEdge/lib/mono/unityjit-win32'
Mono config path = 'D:/Unity/2022.3.22f1/Editor/Data/MonoBleedingEdge/etc'
Using monoOptions --debugger-agent=transport=dt_socket,embedding=1,server=y,suspend=n,address=127.0.0.1:56056
Begin MonoManager ReloadAssembly
Registering precompiled unity dll's ...
Register platform support module: D:/Unity/2022.3.22f1/Editor/Data/PlaybackEngines/WebGLSupport/UnityEditor.WebGL.Extensions.dll
Register platform support module: D:/Unity/2022.3.22f1/Editor/Data/PlaybackEngines/MacStandaloneSupport/UnityEditor.OSXStandalone.Extensions.dll
Register platform support module: D:/Unity/2022.3.22f1/Editor/Data/PlaybackEngines/AndroidPlayer/UnityEditor.Android.Extensions.dll
Register platform support module: D:/Unity/2022.3.22f1/Editor/Data/PlaybackEngines/iOSSupport/UnityEditor.iOS.Extensions.dll
Register platform support module: D:/Unity/2022.3.22f1/Editor/Data/PlaybackEngines/AppleTVSupport/UnityEditor.AppleTV.Extensions.dll
Register platform support module: D:/Unity/2022.3.22f1/Editor/Data/PlaybackEngines/WindowsStandaloneSupport/UnityEditor.WindowsStandalone.Extensions.dll
Register platform support module: D:/Unity/2022.3.22f1/Editor/Data/PlaybackEngines/LinuxStandaloneSupport/UnityEditor.LinuxStandalone.Extensions.dll
Register platform support module: D:/Unity/2022.3.22f1/Editor/Data/PlaybackEngines/MetroSupport/UnityEditor.UWP.Extensions.dll
Registered in 0.023766 seconds.
- Loaded All Assemblies, in  1.199 seconds
Native extension for UWP target not found
Native extension for LinuxStandalone target not found
Native extension for WindowsStandalone target not found
[usbmuxd] Start listen thread
[usbmuxd] Listen thread started
[usbmuxd] Send listen message
Native extension for AppleTV target not found
[usbmuxd] Start listen thread
[usbmuxd] Listen thread started
[usbmuxd] Send listen message
Native extension for iOS target not found
Native extension for Android target not found
Android Extension - Scanning For ADB Devices 451 ms
Native extension for OSXStandalone target not found
Native extension for WebGL target not found
Mono: successfully reloaded assembly
- Finished resetting the current domain, in  1.875 seconds
Domain Reload Profiling: 3076ms
	BeginReloadAssembly (348ms)
		ExecutionOrderSort (0ms)
		DisableScriptedObjects (0ms)
		BackupInstance (0ms)
		ReleaseScriptingObjects (0ms)
		CreateAndSetChildDomain (2ms)
	RebuildCommonClasses (149ms)
	RebuildNativeTypeToScriptingClass (30ms)
	initialDomainReloadingComplete (195ms)
	LoadAllAssembliesAndSetupDomain (475ms)
		LoadAssemblies (350ms)
		RebuildTransferFunctionScriptingTraits (0ms)
		AnalyzeDomain (465ms)
			TypeCache.Refresh (460ms)
				TypeCache.ScanAssembly (423ms)
			ScanForSourceGeneratedMonoScriptInfo (1ms)
			ResolveRequiredComponents (1ms)
	FinalizeReload (1878ms)
		ReleaseScriptCaches (0ms)
		RebuildScriptCaches (0ms)
		SetupLoadedEditorAssemblies (1582ms)
			LogAssemblyErrors (0ms)
			InitializePlatformSupportModulesInManaged (872ms)
			SetLoadedEditorAssemblies (11ms)
			RefreshPlugins (0ms)
			BeforeProcessingInitializeOnLoad (7ms)
			ProcessInitializeOnLoadAttributes (517ms)
			ProcessInitializeOnLoadMethodAttributes (174ms)
			AfterProcessingInitializeOnLoad (0ms)
			EditorAssembliesLoaded (0ms)
		ExecutionOrderSort2 (0ms)
		AwakeInstancesAfterBackupRestoration (0ms)
========================================================================
Worker process is ready to serve import requests
Begin MonoManager ReloadAssembly
Symbol file LoadedFromMemory is not a mono symbol file
- Loaded All Assemblies, in  2.783 seconds
Refreshing native plugins compatible for Editor in 12.96 ms, found 3 plugins.
Native extension for UWP target not found
Native extension for LinuxStandalone target not found
Native extension for WindowsStandalone target not found
Native extension for AppleTV target not found
Native extension for iOS target not found
Native extension for Android target not found
Native extension for OSXStandalone target not found
Native extension for WebGL target not found
Package Manager log level set to [2]
[Package Manager] Server::EnsureServerProcessIsRunning -- launch failed, reason: Unity was launched with the -noUpm command-line argument
[Package Manager] UpmClient::Send -- Unable to send message (not connected to UPM process).
[Package Manager] Cannot connect to Unity Package Manager local server
SocketException: Системе не удается найти указанный параметр среды.
  at System.Net.Sockets.Socket..ctor (System.Net.Sockets.AddressFamily addressFamily, System.Net.Sockets.SocketType socketType, System.Net.Sockets.ProtocolType protocolType) [0x00068] in <fd5416061ceb42ba85a67118cd07ddcd>:0 
  at System.Net.NetworkInformation.Ping.SendPrivileged (System.Net.IPAddress address, System.Int32 timeout, System.Byte[] buffer, System.Net.NetworkInformation.PingOptions options) [0x00008] in <fd5416061ceb42ba85a67118cd07ddcd>:0 
  at System.Net.NetworkInformation.Ping.Send (System.Net.IPAddress address, System.Int32 timeout, System.Byte[] buffer, System.Net.NetworkInformation.PingOptions options) [0x0004c] in <fd5416061ceb42ba85a67118cd07ddcd>:0 
  at System.Net.NetworkInformation.Ping.Send (System.String hostNameOrAddress, System.Int32 timeout, System.Byte[] buffer, System.Net.NetworkInformation.PingOptions options) [0x00007] in <fd5416061ceb42ba85a67118cd07ddcd>:0 
  at System.Net.NetworkInformation.Ping.Send (System.String hostNameOrAddress, System.Int32 timeout, System.Byte[] buffer) [0x00009] in <fd5416061ceb42ba85a67118cd07ddcd>:0 
  at System.Net.NetworkInformation.Ping.Send (System.String hostNameOrAddress, System.Int32 timeout) [0x00000] in <fd5416061ceb42ba85a67118cd07ddcd>:0 
  at (wrapper remoting-invoke-with-check) System.Net.NetworkInformation.Ping.Send(string,int)
  at UnityEditor.AddressableAssets.HostingServices.HostingServicesManager.FilterValidIPAddresses (System.Collections.Generic.List`1[T] ipAddresses) [0x0004b] in .\Library\PackageCache\com.unity.addressables@1.21.21\Editor\HostingServices\HostingServicesManager.cs:586 
  at UnityEditor.AddressableAssets.HostingServices.HostingServicesManager.RefreshGlobalProfileVariables () [0x0000f] in .\Library\PackageCache\com.unity.addressables@1.21.21\Editor\HostingServices\HostingServicesManager.cs:448 
  at UnityEditor.AddressableAssets.HostingServices.HostingServicesManager.OnAwake () [0x00001] in .\Library\PackageCache\com.unity.addressables@1.21.21\Editor\HostingServices\HostingServicesManager.cs:296 
  at UnityEditor.AddressableAssets.Settings.AddressableAssetSettings.Awake () [0x0001b] in .\Library\PackageCache\com.unity.addressables@1.21.21\Editor\Settings\AddressableAssetSettings.cs:1633 
UnityEditor.AssetDatabase:LoadAssetAtPath(String, Type)
UnityEditor.AssetDatabase:LoadAssetAtPath(String)
UnityEditor.AddressableAssets.AddressableAssetSettingsDefaultObject:LoadSettingsObject() (at .\Library\PackageCache\com.unity.addressables@1.21.21\Editor\AddressableAssetSettingsDefaultObject.cs:65)
UnityEditor.AddressableAssets.AddressableAssetSettingsDefaultObject:get_Settings() (at .\Library\PackageCache\com.unity.addressables@1.21.21\Editor\AddressableAssetSettingsDefaultObject.cs:119)
UnityEditor.AddressableAssets.AddressableEditorInitialization:.cctor() (at .\Library\PackageCache\com.unity.addressables@1.21.21\Editor\AddressableEditorInitialization.cs:20)
System.Runtime.CompilerServices.RuntimeHelpers:RunClassConstructor(IntPtr)
System.Runtime.CompilerServices.RuntimeHelpers:RunClassConstructor(RuntimeTypeHandle)
UnityEditor.EditorAssemblies:ProcessInitializeOnLoadAttributes(Type[])

(Filename: ./Library/PackageCache/com.unity.addressables@1.21.21/Editor/HostingServices/HostingServicesManager.cs Line: 586)

Mono: successfully reloaded assembly
- Finished resetting the current domain, in 10.846 seconds
Domain Reload Profiling: 13631ms
	BeginReloadAssembly (597ms)
		ExecutionOrderSort (0ms)
		DisableScriptedObjects (28ms)
		BackupInstance (0ms)
		ReleaseScriptingObjects (0ms)
		CreateAndSetChildDomain (73ms)
	RebuildCommonClasses (113ms)
	RebuildNativeTypeToScriptingClass (38ms)
	initialDomainReloadingComplete (144ms)
	LoadAllAssembliesAndSetupDomain (1888ms)
		LoadAssemblies (1284ms)
		RebuildTransferFunctionScriptingTraits (0ms)
		AnalyzeDomain (965ms)
			TypeCache.Refresh (674ms)
				TypeCache.ScanAssembly (607ms)
			ScanForSourceGeneratedMonoScriptInfo (103ms)
			ResolveRequiredComponents (181ms)
	FinalizeReload (10851ms)
		ReleaseScriptCaches (0ms)
		RebuildScriptCaches (0ms)
		SetupLoadedEditorAssemblies (9612ms)
			LogAssemblyErrors (0ms)
			InitializePlatformSupportModulesInManaged (170ms)
			SetLoadedEditorAssemblies (15ms)
			RefreshPlugins (0ms)
			BeforeProcessingInitializeOnLoad (519ms)
			ProcessInitializeOnLoadAttributes (8462ms)
			ProcessInitializeOnLoadMethodAttributes (433ms)
			AfterProcessingInitializeOnLoad (9ms)
			EditorAssembliesLoaded (3ms)
		ExecutionOrderSort2 (0ms)
		AwakeInstancesAfterBackupRestoration (158ms)
Launched and connected shader compiler UnityShaderCompiler.exe after 0.11 seconds
Refreshing native plugins compatible for Editor in 8.51 ms, found 3 plugins.
Preloading 0 native plugins for Editor in 0.00 ms.
Unloading 4330 Unused Serialized files (Serialized files now loaded: 0)
Unloading 90 unused Assets / (257.0 KB). Loaded Objects now: 4797.
Memory consumption went from 160.4 MB to 160.1 MB.
Total: 32.281022 ms (FindLiveObjects: 1.000712 ms CreateObjectMapping: 2.127172 ms MarkObjects: 23.716640 ms  DeleteObjects: 5.433567 ms)

AssetImportParameters requested are different than current active one (requested -> active):
  custom:container-demuxer-ogg: 62fdf1f143b41e24485cea50d1cbac27 -> 
  custom:video-codec-MediaFoundation-h265: 55f8c8538cf0483ab7069ead6b737db2 -> 
  custom:video-decoder-ogg-theora: a1e56fd34408186e4bbccfd4996cb3dc -> 
  custom:framework-win-MediaFoundation: 216162199b28c13a410421893ffa2e32 -> 
  custom:CustomObjectIndexerAttribute: 9a22284fe3817be447336de3de66b15e -> 
  custom:container-demuxer-webm: 4f35f7cbe854078d1ac9338744f61a02 -> 
  custom:container-muxer-webm: aa71ff27fc2769a1b78a27578f13a17b -> 
  custom:video-decoder-webm-vp8: 9c59270c3fd7afecdb556c50c9e8de78 -> 
  custom:SearchIndexIgnoredProperties: e643bd26f0fe6173181afceb89e7c659 -> 
  custom:AudioImporter_EditorPlatform: d09bf68614088b80899f8185d706f6e7 -> 
  custom:video-encoder-webm-vp8: eb34c28f22e8b96e1ab97ce403110664 -> 
  custom:audio-decoder-ogg-vorbis: bf7c407c2cedff20999df2af8eb42d56 -> 
  custom:audio-encoder-webm-vorbis: bf7c407c2cedff20999df2af8eb42d56 -> 
========================================================================
Received Import Request.
  Time since last request: 6241.128626 seconds.
  path: Assets/_Project/Content/ScriptableObjects/Items/Bow/ItemConfigs/bow_3.asset
  artifactKey: Guid(335415f58fdc16e42b4d8d047f8c5a55) Importer(815301076,1909f56bfc062723c751e8b465ee728b)
Start importing Assets/_Project/Content/ScriptableObjects/Items/Bow/ItemConfigs/bow_3.asset using Guid(335415f58fdc16e42b4d8d047f8c5a55) Importer(815301076,1909f56bfc062723c751e8b465ee728b)  -> (artifact id: '97c1909ee26a4b57d86dd8837deb2eb6') in 0.077017 seconds
Number of updated asset objects reloaded before import = 0
Number of asset objects unloaded after import = 2
========================================================================
Received Import Request.
  Time since last request: 0.000072 seconds.
  path: Assets/_Project/Content/ScriptableObjects/Items/Bow/ItemConfigs/bow_2.asset
  artifactKey: Guid(5d4d08a06597a2d45885be4f3f232683) Importer(815301076,1909f56bfc062723c751e8b465ee728b)
Start importing Assets/_Project/Content/ScriptableObjects/Items/Bow/ItemConfigs/bow_2.asset using Guid(5d4d08a06597a2d45885be4f3f232683) Importer(815301076,1909f56bfc062723c751e8b465ee728b)  -> (artifact id: 'defd31dbcf271e50a59075c627ed8ea0') in 0.002954 seconds
Number of updated asset objects reloaded before import = 0
Number of asset objects unloaded after import = 2
========================================================================
Received Import Request.
  Time since last request: 215.249125 seconds.
  path: Assets/_Project/Content/ScriptableObjects/Items/Bow/ItemConfigs/bow_3 1.asset
  artifactKey: Guid(692fa820fcab4424c8b104dc80114691) Importer(815301076,1909f56bfc062723c751e8b465ee728b)
Start importing Assets/_Project/Content/ScriptableObjects/Items/Bow/ItemConfigs/bow_3 1.asset using Guid(692fa820fcab4424c8b104dc80114691) Importer(815301076,1909f56bfc062723c751e8b465ee728b)  -> (artifact id: 'd601111b5424f6254348ccef9494610b') in 0.005562 seconds
Number of updated asset objects reloaded before import = 0
Number of asset objects unloaded after import = 2
========================================================================
Received Import Request.
  Time since last request: 0.054398 seconds.
  path: Assets/_Project/Content/ScriptableObjects/Items/Bow/ItemConfigs/bow_3.asset
  artifactKey: Guid(335415f58fdc16e42b4d8d047f8c5a55) Importer(815301076,1909f56bfc062723c751e8b465ee728b)
Start importing Assets/_Project/Content/ScriptableObjects/Items/Bow/ItemConfigs/bow_3.asset using Guid(335415f58fdc16e42b4d8d047f8c5a55) Importer(815301076,1909f56bfc062723c751e8b465ee728b)  -> (artifact id: '85dd7af670b011dc3db458c862d69be8') in 0.003030 seconds
Number of updated asset objects reloaded before import = 0
Number of asset objects unloaded after import = 2
========================================================================
Received Import Request.
  Time since last request: 3.984802 seconds.
  path: Assets/_Project/Content/ScriptableObjects/Items/Bow/ItemConfigs/bow_4.asset
  artifactKey: Guid(692fa820fcab4424c8b104dc80114691) Importer(815301076,1909f56bfc062723c751e8b465ee728b)
Start importing Assets/_Project/Content/ScriptableObjects/Items/Bow/ItemConfigs/bow_4.asset using Guid(692fa820fcab4424c8b104dc80114691) Importer(815301076,1909f56bfc062723c751e8b465ee728b)  -> (artifact id: '33f28fbbe796f0e6e6332af325a51094') in 0.002987 seconds
Number of updated asset objects reloaded before import = 0
Number of asset objects unloaded after import = 2
========================================================================
Received Import Request.
  Time since last request: 226.027912 seconds.
  path: Assets/_Project/Content/ScriptableObjects/Items/Bow/ItemConfigs/bow_4 1.asset
  artifactKey: Guid(26e2c80554f5eb94c8d3baef33acf2ec) Importer(815301076,1909f56bfc062723c751e8b465ee728b)
Start importing Assets/_Project/Content/ScriptableObjects/Items/Bow/ItemConfigs/bow_4 1.asset using Guid(26e2c80554f5eb94c8d3baef33acf2ec) Importer(815301076,1909f56bfc062723c751e8b465ee728b)  -> (artifact id: '9f6980f363286b02a0e50c523f0c917e') in 0.002358 seconds
Number of updated asset objects reloaded before import = 0
Number of asset objects unloaded after import = 2
========================================================================
Received Import Request.
  Time since last request: 0.039376 seconds.
  path: Assets/_Project/Content/ScriptableObjects/Items/Bow/ItemConfigs/bow_4.asset
  artifactKey: Guid(692fa820fcab4424c8b104dc80114691) Importer(815301076,1909f56bfc062723c751e8b465ee728b)
Start importing Assets/_Project/Content/ScriptableObjects/Items/Bow/ItemConfigs/bow_4.asset using Guid(692fa820fcab4424c8b104dc80114691) Importer(815301076,1909f56bfc062723c751e8b465ee728b)  -> (artifact id: 'c44216f601ba66f5604a214483baa4cf') in 0.002948 seconds
Number of updated asset objects reloaded before import = 0
Number of asset objects unloaded after import = 2
========================================================================
Received Import Request.
  Time since last request: 5.548142 seconds.
  path: Assets/_Project/Content/ScriptableObjects/Items/Bow/ItemConfigs/bow_5.asset
  artifactKey: Guid(26e2c80554f5eb94c8d3baef33acf2ec) Importer(815301076,1909f56bfc062723c751e8b465ee728b)
Start importing Assets/_Project/Content/ScriptableObjects/Items/Bow/ItemConfigs/bow_5.asset using Guid(26e2c80554f5eb94c8d3baef33acf2ec) Importer(815301076,1909f56bfc062723c751e8b465ee728b)  -> (artifact id: '6788bf254d746d4f824de0bc5c7ff14f') in 0.002145 seconds
Number of updated asset objects reloaded before import = 0
Number of asset objects unloaded after import = 2
========================================================================
Received Import Request.
  Time since last request: 129.648176 seconds.
  path: Assets/_Project/Content/ScriptableObjects/Items/Bow/ItemConfigs/bow_5.asset
  artifactKey: Guid(26e2c80554f5eb94c8d3baef33acf2ec) Importer(815301076,1909f56bfc062723c751e8b465ee728b)
Start importing Assets/_Project/Content/ScriptableObjects/Items/Bow/ItemConfigs/bow_5.asset using Guid(26e2c80554f5eb94c8d3baef33acf2ec) Importer(815301076,1909f56bfc062723c751e8b465ee728b)  -> (artifact id: 'a131a35d1efa44131fef45ef17cbbf3e') in 0.003290 seconds
Number of updated asset objects reloaded before import = 0
Number of asset objects unloaded after import = 2
========================================================================
Received Import Request.
  Time since last request: 0.000032 seconds.
  path: Assets/_Project/Content/ScriptableObjects/Items/Bow/ItemConfigs/bow_5 1.asset
  artifactKey: Guid(e72e3844c6af9b543877e6930ee045bd) Importer(815301076,1909f56bfc062723c751e8b465ee728b)
Start importing Assets/_Project/Content/ScriptableObjects/Items/Bow/ItemConfigs/bow_5 1.asset using Guid(e72e3844c6af9b543877e6930ee045bd) Importer(815301076,1909f56bfc062723c751e8b465ee728b)  -> (artifact id: '34a72684f1652e911ca36b74359f0378') in 0.002140 seconds
Number of updated asset objects reloaded before import = 0
Number of asset objects unloaded after import = 2
========================================================================
Received Import Request.
  Time since last request: 4.117873 seconds.
  path: Assets/_Project/Content/ScriptableObjects/Items/Bow/ItemConfigs/bow_6.asset
  artifactKey: Guid(e72e3844c6af9b543877e6930ee045bd) Importer(815301076,1909f56bfc062723c751e8b465ee728b)
Start importing Assets/_Project/Content/ScriptableObjects/Items/Bow/ItemConfigs/bow_6.asset using Guid(e72e3844c6af9b543877e6930ee045bd) Importer(815301076,1909f56bfc062723c751e8b465ee728b)  -> (artifact id: 'd44178f60f421f3aed2ecc0ded455183') in 0.002810 seconds
Number of updated asset objects reloaded before import = 0
Number of asset objects unloaded after import = 2
========================================================================
Received Import Request.
  Time since last request: 51.412399 seconds.
  path: Assets/_Project/Content/ScriptableObjects/Items/Bow/ItemConfigs/bow_6 1.asset
  artifactKey: Guid(2815e1ba9b02a684494a749d10c73019) Importer(815301076,1909f56bfc062723c751e8b465ee728b)
Start importing Assets/_Project/Content/ScriptableObjects/Items/Bow/ItemConfigs/bow_6 1.asset using Guid(2815e1ba9b02a684494a749d10c73019) Importer(815301076,1909f56bfc062723c751e8b465ee728b)  -> (artifact id: '89a1c2a6f0c443d2a3cfa748b1891c47') in 0.003235 seconds
Number of updated asset objects reloaded before import = 0
Number of asset objects unloaded after import = 2
========================================================================
Received Import Request.
  Time since last request: 0.055469 seconds.
  path: Assets/_Project/Content/ScriptableObjects/Items/Bow/ItemConfigs/bow_6.asset
  artifactKey: Guid(e72e3844c6af9b543877e6930ee045bd) Importer(815301076,1909f56bfc062723c751e8b465ee728b)
Start importing Assets/_Project/Content/ScriptableObjects/Items/Bow/ItemConfigs/bow_6.asset using Guid(e72e3844c6af9b543877e6930ee045bd) Importer(815301076,1909f56bfc062723c751e8b465ee728b)  -> (artifact id: '89473f29967863c488241ac0c9ffebdf') in 0.002776 seconds
Number of updated asset objects reloaded before import = 0
Number of asset objects unloaded after import = 2
========================================================================
Received Import Request.
  Time since last request: 6.915710 seconds.
  path: Assets/_Project/Content/ScriptableObjects/Items/Bow/ItemConfigs/bow_7.asset
  artifactKey: Guid(2815e1ba9b02a684494a749d10c73019) Importer(815301076,1909f56bfc062723c751e8b465ee728b)
Start importing Assets/_Project/Content/ScriptableObjects/Items/Bow/ItemConfigs/bow_7.asset using Guid(2815e1ba9b02a684494a749d10c73019) Importer(815301076,1909f56bfc062723c751e8b465ee728b)  -> (artifact id: '73775b688412c0507b3d454860ed5397') in 0.002310 seconds
Number of updated asset objects reloaded before import = 0
Number of asset objects unloaded after import = 2
========================================================================
Received Import Request.
  Time since last request: 131.842606 seconds.
  path: Assets/_Project/Content/ScriptableObjects/Items/Bow/ItemConfigs/bow_7.asset
  artifactKey: Guid(2815e1ba9b02a684494a749d10c73019) Importer(815301076,1909f56bfc062723c751e8b465ee728b)
Start importing Assets/_Project/Content/ScriptableObjects/Items/Bow/ItemConfigs/bow_7.asset using Guid(2815e1ba9b02a684494a749d10c73019) Importer(815301076,1909f56bfc062723c751e8b465ee728b)  -> (artifact id: 'b8c266fd65148277202dffe6b6517e1f') in 0.006503 seconds
Number of updated asset objects reloaded before import = 0
Number of asset objects unloaded after import = 2
========================================================================
Received Import Request.
  Time since last request: 0.000048 seconds.
  path: Assets/_Project/Content/ScriptableObjects/Items/Bow/ItemConfigs/bow_7 1.asset
  artifactKey: Guid(0cc6e64742f0c7d4d9db9c639aaec07d) Importer(815301076,1909f56bfc062723c751e8b465ee728b)
Start importing Assets/_Project/Content/ScriptableObjects/Items/Bow/ItemConfigs/bow_7 1.asset using Guid(0cc6e64742f0c7d4d9db9c639aaec07d) Importer(815301076,1909f56bfc062723c751e8b465ee728b)  -> (artifact id: 'c6e2520df893ee45fc497cb1cc0c95a5') in 0.002634 seconds
Number of updated asset objects reloaded before import = 0
Number of asset objects unloaded after import = 2
========================================================================
Received Import Request.
  Time since last request: 4.072814 seconds.
  path: Assets/_Project/Content/ScriptableObjects/Items/Bow/ItemConfigs/bow_8.asset
  artifactKey: Guid(0cc6e64742f0c7d4d9db9c639aaec07d) Importer(815301076,1909f56bfc062723c751e8b465ee728b)
Start importing Assets/_Project/Content/ScriptableObjects/Items/Bow/ItemConfigs/bow_8.asset using Guid(0cc6e64742f0c7d4d9db9c639aaec07d) Importer(815301076,1909f56bfc062723c751e8b465ee728b)  -> (artifact id: 'c95f439d216d74ab4f77f92b989daf6e') in 0.002531 seconds
Number of updated asset objects reloaded before import = 0
Number of asset objects unloaded after import = 2
========================================================================
Received Import Request.
  Time since last request: 223.925348 seconds.
  path: Assets/_Project/Content/ScriptableObjects/Items/Bow/ItemStatsRanges/Bow_Base_1.asset
  artifactKey: Guid(ec2b14e30e90f864ebac1d271327597c) Importer(815301076,1909f56bfc062723c751e8b465ee728b)
Start importing Assets/_Project/Content/ScriptableObjects/Items/Bow/ItemStatsRanges/Bow_Base_1.asset using Guid(ec2b14e30e90f864ebac1d271327597c) Importer(815301076,1909f56bfc062723c751e8b465ee728b)  -> (artifact id: 'a75987fee6764b3f3570ca7580287427') in 0.002675 seconds
Number of updated asset objects reloaded before import = 0
Number of asset objects unloaded after import = 1
========================================================================
Received Import Request.
  Time since last request: 6.028942 seconds.
  path: Assets/_Project/Content/ScriptableObjects/Items/Bow/ItemStatsRanges/Base
  artifactKey: Guid(9284161d7424662469348686c74ce4bc) Importer(815301076,1909f56bfc062723c751e8b465ee728b)
Start importing Assets/_Project/Content/ScriptableObjects/Items/Bow/ItemStatsRanges/Base using Guid(9284161d7424662469348686c74ce4bc) Importer(815301076,1909f56bfc062723c751e8b465ee728b)  -> (artifact id: '39cae94445d6baf90f271d07c53cbe41') in 0.000843 seconds
Number of updated asset objects reloaded before import = 0
Number of asset objects unloaded after import = 0
========================================================================
Received Import Request.
  Time since last request: 5.284139 seconds.
  path: Assets/_Project/Content/ScriptableObjects/Items/Bow/ItemStatsRanges/Rare
  artifactKey: Guid(7f770df7bc01b7442af6dd0f20bf3fbe) Importer(815301076,1909f56bfc062723c751e8b465ee728b)
Start importing Assets/_Project/Content/ScriptableObjects/Items/Bow/ItemStatsRanges/Rare using Guid(7f770df7bc01b7442af6dd0f20bf3fbe) Importer(815301076,1909f56bfc062723c751e8b465ee728b)  -> (artifact id: '7d4dc5e7a81d22ea426ef18c32ae2854') in 0.001109 seconds
Number of updated asset objects reloaded before import = 0
Number of asset objects unloaded after import = 0
========================================================================
Received Import Request.
  Time since last request: 6.932645 seconds.
  path: Assets/_Project/Content/ScriptableObjects/Items/Bow/ItemStatsRanges/Magic
  artifactKey: Guid(a65d590f69fd2c843bf7e6690417d72b) Importer(815301076,1909f56bfc062723c751e8b465ee728b)
Start importing Assets/_Project/Content/ScriptableObjects/Items/Bow/ItemStatsRanges/Magic using Guid(a65d590f69fd2c843bf7e6690417d72b) Importer(815301076,1909f56bfc062723c751e8b465ee728b)  -> (artifact id: 'd6788a90fc1af15b0450b05deffdee02') in 0.001264 seconds
Number of updated asset objects reloaded before import = 0
Number of asset objects unloaded after import = 0
========================================================================
Received Import Request.
  Time since last request: 48.850443 seconds.
  path: Assets/_Project/Content/ScriptableObjects/Items/Bow/ItemStatsRanges/Base/Bow_Base_1.asset
  artifactKey: Guid(ec2b14e30e90f864ebac1d271327597c) Importer(815301076,1909f56bfc062723c751e8b465ee728b)
Start importing Assets/_Project/Content/ScriptableObjects/Items/Bow/ItemStatsRanges/Base/Bow_Base_1.asset using Guid(ec2b14e30e90f864ebac1d271327597c) Importer(815301076,1909f56bfc062723c751e8b465ee728b)  -> (artifact id: '2f526cc78e842a72ea00fa856348f9e3') in 0.001836 seconds
Number of updated asset objects reloaded before import = 0
Number of asset objects unloaded after import = 1
========================================================================
Received Import Request.
  Time since last request: 1794.345565 seconds.
  path: Assets/_Project/Content/ScriptableObjects/Items/Bow/ItemStatsRanges/Base/Bow_Base_1 1.asset
  artifactKey: Guid(e125ad25ce922ef418dd6090a43d7249) Importer(815301076,1909f56bfc062723c751e8b465ee728b)
Start importing Assets/_Project/Content/ScriptableObjects/Items/Bow/ItemStatsRanges/Base/Bow_Base_1 1.asset using Guid(e125ad25ce922ef418dd6090a43d7249) Importer(815301076,1909f56bfc062723c751e8b465ee728b)  -> (artifact id: '204fe29b40833702b85764770436cae9') in 0.003010 seconds
Number of updated asset objects reloaded before import = 0
Number of asset objects unloaded after import = 1
========================================================================
Received Import Request.
  Time since last request: 0.099469 seconds.
  path: Assets/_Project/Content/ScriptableObjects/Items/Bow/ItemStatsRanges/Base/Bow_Base_1.asset
  artifactKey: Guid(ec2b14e30e90f864ebac1d271327597c) Importer(815301076,1909f56bfc062723c751e8b465ee728b)
Start importing Assets/_Project/Content/ScriptableObjects/Items/Bow/ItemStatsRanges/Base/Bow_Base_1.asset using Guid(ec2b14e30e90f864ebac1d271327597c) Importer(815301076,1909f56bfc062723c751e8b465ee728b)  -> (artifact id: '6b8235715a330947b7ca2aa2c6f5d5ca') in 0.002634 seconds
Number of updated asset objects reloaded before import = 0
Number of asset objects unloaded after import = 1
========================================================================
Received Import Request.
  Time since last request: 4.079075 seconds.
  path: Assets/_Project/Content/ScriptableObjects/Items/Bow/ItemStatsRanges/Base/Bow_Base_2.asset
  artifactKey: Guid(e125ad25ce922ef418dd6090a43d7249) Importer(815301076,1909f56bfc062723c751e8b465ee728b)
Start importing Assets/_Project/Content/ScriptableObjects/Items/Bow/ItemStatsRanges/Base/Bow_Base_2.asset using Guid(e125ad25ce922ef418dd6090a43d7249) Importer(815301076,1909f56bfc062723c751e8b465ee728b)  -> (artifact id: 'c8a0cbef3e156ca193406634c7be34a5') in 0.002633 seconds
Number of updated asset objects reloaded before import = 0
Number of asset objects unloaded after import = 1
========================================================================
Received Import Request.
  Time since last request: 35.871996 seconds.
  path: Assets/_Project/Content/ScriptableObjects/Items/Bow/ItemStatsRanges/Base/Bow_Base_2 1.asset
  artifactKey: Guid(c72d10ac4e13ddf409f085f122bcf92c) Importer(815301076,1909f56bfc062723c751e8b465ee728b)
Start importing Assets/_Project/Content/ScriptableObjects/Items/Bow/ItemStatsRanges/Base/Bow_Base_2 1.asset using Guid(c72d10ac4e13ddf409f085f122bcf92c) Importer(815301076,1909f56bfc062723c751e8b465ee728b)  -> (artifact id: '5e48bf145d24c0686faa2dbe2d9b8a1e') in 0.003061 seconds
Number of updated asset objects reloaded before import = 0
Number of asset objects unloaded after import = 1
========================================================================
Received Import Request.
  Time since last request: 0.095873 seconds.
  path: Assets/_Project/Content/ScriptableObjects/Items/Bow/ItemStatsRanges/Base/Bow_Base_2.asset
  artifactKey: Guid(e125ad25ce922ef418dd6090a43d7249) Importer(815301076,1909f56bfc062723c751e8b465ee728b)
Start importing Assets/_Project/Content/ScriptableObjects/Items/Bow/ItemStatsRanges/Base/Bow_Base_2.asset using Guid(e125ad25ce922ef418dd6090a43d7249) Importer(815301076,1909f56bfc062723c751e8b465ee728b)  -> (artifact id: '543f98905f9c00cbb7c3e8ce64686498') in 0.004345 seconds
Number of updated asset objects reloaded before import = 0
Number of asset objects unloaded after import = 1
========================================================================
Received Import Request.
  Time since last request: 4.258571 seconds.
  path: Assets/_Project/Content/ScriptableObjects/Items/Bow/ItemStatsRanges/Base/Bow_Base_3.asset
  artifactKey: Guid(c72d10ac4e13ddf409f085f122bcf92c) Importer(815301076,1909f56bfc062723c751e8b465ee728b)
Start importing Assets/_Project/Content/ScriptableObjects/Items/Bow/ItemStatsRanges/Base/Bow_Base_3.asset using Guid(c72d10ac4e13ddf409f085f122bcf92c) Importer(815301076,1909f56bfc062723c751e8b465ee728b)  -> (artifact id: '4e9249f1823e5d36d4a02a319e7355a1') in 0.002226 seconds
Number of updated asset objects reloaded before import = 0
Number of asset objects unloaded after import = 1
========================================================================
Received Import Request.
  Time since last request: 22.963194 seconds.
  path: Assets/_Project/Content/ScriptableObjects/Items/Bow/ItemStatsRanges/Base/Bow_Base_3 1.asset
  artifactKey: Guid(9f0142af6eb85894b84b9722872f2b89) Importer(815301076,1909f56bfc062723c751e8b465ee728b)
Start importing Assets/_Project/Content/ScriptableObjects/Items/Bow/ItemStatsRanges/Base/Bow_Base_3 1.asset using Guid(9f0142af6eb85894b84b9722872f2b89) Importer(815301076,1909f56bfc062723c751e8b465ee728b)  -> (artifact id: '4f0462bf45f0e318f523c82f12149a2b') in 0.001983 seconds
Number of updated asset objects reloaded before import = 0
Number of asset objects unloaded after import = 1
========================================================================
Received Import Request.
  Time since last request: 0.100954 seconds.
  path: Assets/_Project/Content/ScriptableObjects/Items/Bow/ItemStatsRanges/Base/Bow_Base_3.asset
  artifactKey: Guid(c72d10ac4e13ddf409f085f122bcf92c) Importer(815301076,1909f56bfc062723c751e8b465ee728b)
Start importing Assets/_Project/Content/ScriptableObjects/Items/Bow/ItemStatsRanges/Base/Bow_Base_3.asset using Guid(c72d10ac4e13ddf409f085f122bcf92c) Importer(815301076,1909f56bfc062723c751e8b465ee728b)  -> (artifact id: 'd882b41c824fc49ce72b597ef106e3d8') in 0.002410 seconds
Number of updated asset objects reloaded before import = 0
Number of asset objects unloaded after import = 1
========================================================================
Received Import Request.
  Time since last request: 3.168616 seconds.
  path: Assets/_Project/Content/ScriptableObjects/Items/Bow/ItemStatsRanges/Base/Bow_Base_4.asset
  artifactKey: Guid(9f0142af6eb85894b84b9722872f2b89) Importer(815301076,1909f56bfc062723c751e8b465ee728b)
Start importing Assets/_Project/Content/ScriptableObjects/Items/Bow/ItemStatsRanges/Base/Bow_Base_4.asset using Guid(9f0142af6eb85894b84b9722872f2b89) Importer(815301076,1909f56bfc062723c751e8b465ee728b)  -> (artifact id: 'fcb085d2021e38d0f968314db62e7a12') in 0.001797 seconds
Number of updated asset objects reloaded before import = 0
Number of asset objects unloaded after import = 1
========================================================================
Received Import Request.
  Time since last request: 45.461793 seconds.
  path: Assets/_Project/Content/ScriptableObjects/Items/Bow/ItemStatsRanges/Base/Bow_Base_4.asset
  artifactKey: Guid(9f0142af6eb85894b84b9722872f2b89) Importer(815301076,1909f56bfc062723c751e8b465ee728b)
Start importing Assets/_Project/Content/ScriptableObjects/Items/Bow/ItemStatsRanges/Base/Bow_Base_4.asset using Guid(9f0142af6eb85894b84b9722872f2b89) Importer(815301076,1909f56bfc062723c751e8b465ee728b)  -> (artifact id: '967b37656b40a9ce88ab851b85769069') in 0.002131 seconds
Number of updated asset objects reloaded before import = 0
Number of asset objects unloaded after import = 1
========================================================================
Received Import Request.
  Time since last request: 0.000046 seconds.
  path: Assets/_Project/Content/ScriptableObjects/Items/Bow/ItemStatsRanges/Base/Bow_Base_4 1.asset
  artifactKey: Guid(34a5214a4a8dfd544bbc7b57d4ca17e7) Importer(815301076,1909f56bfc062723c751e8b465ee728b)
Start importing Assets/_Project/Content/ScriptableObjects/Items/Bow/ItemStatsRanges/Base/Bow_Base_4 1.asset using Guid(34a5214a4a8dfd544bbc7b57d4ca17e7) Importer(815301076,1909f56bfc062723c751e8b465ee728b)  -> (artifact id: 'be69fdf9e87b278f22ee7cda8c386365') in 0.002548 seconds
Number of updated asset objects reloaded before import = 0
Number of asset objects unloaded after import = 1
========================================================================
Received Import Request.
  Time since last request: 3.566267 seconds.
  path: Assets/_Project/Content/ScriptableObjects/Items/Bow/ItemStatsRanges/Base/Bow_Base_5.asset
  artifactKey: Guid(34a5214a4a8dfd544bbc7b57d4ca17e7) Importer(815301076,1909f56bfc062723c751e8b465ee728b)
Start importing Assets/_Project/Content/ScriptableObjects/Items/Bow/ItemStatsRanges/Base/Bow_Base_5.asset using Guid(34a5214a4a8dfd544bbc7b57d4ca17e7) Importer(815301076,1909f56bfc062723c751e8b465ee728b)  -> (artifact id: 'bc060faca54a537ad43cac5a9d775e45') in 0.002521 seconds
Number of updated asset objects reloaded before import = 0
Number of asset objects unloaded after import = 1
========================================================================
Received Import Request.
  Time since last request: 100.268967 seconds.
  path: Assets/_Project/Content/ScriptableObjects/Items/Weapon/ItemStatsRanges/Rare/WeapWarrRare_1.asset
  artifactKey: Guid(5b6afe99408bdf14e9f2aab918dad220) Importer(815301076,1909f56bfc062723c751e8b465ee728b)
Start importing Assets/_Project/Content/ScriptableObjects/Items/Weapon/ItemStatsRanges/Rare/WeapWarrRare_1.asset using Guid(5b6afe99408bdf14e9f2aab918dad220) Importer(815301076,1909f56bfc062723c751e8b465ee728b)  -> (artifact id: 'cace3a0d749396c6bf0a457071792df5') in 0.008386 seconds
Number of updated asset objects reloaded before import = 0
Number of asset objects unloaded after import = 1
========================================================================
Received Import Request.
  Time since last request: 0.000045 seconds.
  path: Assets/_Project/Content/ScriptableObjects/Items/Weapon/ItemStatsRanges/Rare/WeapWarrRare_6.asset
  artifactKey: Guid(d584640f3e63324479f230c5111a0ea1) Importer(815301076,1909f56bfc062723c751e8b465ee728b)
Start importing Assets/_Project/Content/ScriptableObjects/Items/Weapon/ItemStatsRanges/Rare/WeapWarrRare_6.asset using Guid(d584640f3e63324479f230c5111a0ea1) Importer(815301076,1909f56bfc062723c751e8b465ee728b)  -> (artifact id: 'a5b410f9571e31ba776789ede48dfe9f') in 0.003192 seconds
Number of updated asset objects reloaded before import = 0
Number of asset objects unloaded after import = 1
========================================================================
Received Import Request.
  Time since last request: 0.000041 seconds.
  path: Assets/_Project/Content/ScriptableObjects/Items/Weapon/ItemStatsRanges/Rare/WeapWarrRare_3.asset
  artifactKey: Guid(cabcdb5f61e79944380a06a0d3a4cb90) Importer(815301076,1909f56bfc062723c751e8b465ee728b)
Start importing Assets/_Project/Content/ScriptableObjects/Items/Weapon/ItemStatsRanges/Rare/WeapWarrRare_3.asset using Guid(cabcdb5f61e79944380a06a0d3a4cb90) Importer(815301076,1909f56bfc062723c751e8b465ee728b)  -> (artifact id: 'a4b2eca0819ac8460b720bc4ee29d1b0') in 0.005555 seconds
Number of updated asset objects reloaded before import = 0
Number of asset objects unloaded after import = 1
========================================================================
Received Import Request.
  Time since last request: 0.000042 seconds.
  path: Assets/_Project/Content/ScriptableObjects/Items/Weapon/ItemStatsRanges/Rare/WeapWarrRare_4.asset
  artifactKey: Guid(aa4eeb07102eea845a53dd15d9281686) Importer(815301076,1909f56bfc062723c751e8b465ee728b)
Start importing Assets/_Project/Content/ScriptableObjects/Items/Weapon/ItemStatsRanges/Rare/WeapWarrRare_4.asset using Guid(aa4eeb07102eea845a53dd15d9281686) Importer(815301076,1909f56bfc062723c751e8b465ee728b)  -> (artifact id: 'af00796875f4dbee18b27c5f3b62aea0') in 0.006090 seconds
Number of updated asset objects reloaded before import = 0
Number of asset objects unloaded after import = 1
========================================================================
Received Import Request.
  Time since last request: 0.000774 seconds.
  path: Assets/_Project/Content/ScriptableObjects/Items/Weapon/ItemStatsRanges/Rare/WeapWarrRare_5.asset
  artifactKey: Guid(4ba64016c76c0d8469e940956e3a46ae) Importer(815301076,1909f56bfc062723c751e8b465ee728b)
Start importing Assets/_Project/Content/ScriptableObjects/Items/Weapon/ItemStatsRanges/Rare/WeapWarrRare_5.asset using Guid(4ba64016c76c0d8469e940956e3a46ae) Importer(815301076,1909f56bfc062723c751e8b465ee728b)  -> (artifact id: '16c7ce578e9995fae8ed701b2c47461d') in 0.002885 seconds
Number of updated asset objects reloaded before import = 0
Number of asset objects unloaded after import = 1
========================================================================
Received Import Request.
  Time since last request: 0.000043 seconds.
  path: Assets/_Project/Content/ScriptableObjects/Items/Weapon/ItemStatsRanges/Rare/WeapWarrRare_2.asset
  artifactKey: Guid(5292cd04324cf89499e7da796a99d00c) Importer(815301076,1909f56bfc062723c751e8b465ee728b)
Start importing Assets/_Project/Content/ScriptableObjects/Items/Weapon/ItemStatsRanges/Rare/WeapWarrRare_2.asset using Guid(5292cd04324cf89499e7da796a99d00c) Importer(815301076,1909f56bfc062723c751e8b465ee728b)  -> (artifact id: 'a00ae7828a2b3d437dda3bb0268392e8') in 0.007075 seconds
Number of updated asset objects reloaded before import = 0
Number of asset objects unloaded after import = 1
========================================================================
Received Import Request.
  Time since last request: 29.001163 seconds.
  path: Assets/_Project/Content/ScriptableObjects/Items/Bow/ItemStatsRanges/Rare/Bow_Rare.asset
  artifactKey: Guid(f501c9ff7793bec4bbdefebc0ff4b40f) Importer(815301076,1909f56bfc062723c751e8b465ee728b)
Start importing Assets/_Project/Content/ScriptableObjects/Items/Bow/ItemStatsRanges/Rare/Bow_Rare.asset using Guid(f501c9ff7793bec4bbdefebc0ff4b40f) Importer(815301076,1909f56bfc062723c751e8b465ee728b)  -> (artifact id: 'b70899e175f0a35c32df5cde7ec5700d') in 0.002912 seconds
Number of updated asset objects reloaded before import = 0
Number of asset objects unloaded after import = 1
========================================================================
Received Import Request.
  Time since last request: 5.428829 seconds.
  path: Assets/_Project/Content/ScriptableObjects/Items/Bow/ItemStatsRanges/Rare/Bow_Rare_1.asset
  artifactKey: Guid(f501c9ff7793bec4bbdefebc0ff4b40f) Importer(815301076,1909f56bfc062723c751e8b465ee728b)
Start importing Assets/_Project/Content/ScriptableObjects/Items/Bow/ItemStatsRanges/Rare/Bow_Rare_1.asset using Guid(f501c9ff7793bec4bbdefebc0ff4b40f) Importer(815301076,1909f56bfc062723c751e8b465ee728b)  -> (artifact id: '798668298647c1ba7d48645c8e612f62') in 0.002268 seconds
Number of updated asset objects reloaded before import = 0
Number of asset objects unloaded after import = 1
========================================================================
Received Import Request.
  Time since last request: 99.809897 seconds.
  path: Assets/_Project/Content/ScriptableObjects/Items/Bow/ItemStatsRanges/Rare/Bow_Rare_1 1.asset
  artifactKey: Guid(4f500595a7e35c0458637b743b50528b) Importer(815301076,1909f56bfc062723c751e8b465ee728b)
Start importing Assets/_Project/Content/ScriptableObjects/Items/Bow/ItemStatsRanges/Rare/Bow_Rare_1 1.asset using Guid(4f500595a7e35c0458637b743b50528b) Importer(815301076,1909f56bfc062723c751e8b465ee728b)  -> (artifact id: '47951b83927f77a589761713d3757855') in 0.002071 seconds
Number of updated asset objects reloaded before import = 0
Number of asset objects unloaded after import = 1
========================================================================
Received Import Request.
  Time since last request: 0.111623 seconds.
  path: Assets/_Project/Content/ScriptableObjects/Items/Bow/ItemStatsRanges/Rare/Bow_Rare_1.asset
  artifactKey: Guid(f501c9ff7793bec4bbdefebc0ff4b40f) Importer(815301076,1909f56bfc062723c751e8b465ee728b)
Start importing Assets/_Project/Content/ScriptableObjects/Items/Bow/ItemStatsRanges/Rare/Bow_Rare_1.asset using Guid(f501c9ff7793bec4bbdefebc0ff4b40f) Importer(815301076,1909f56bfc062723c751e8b465ee728b)  -> (artifact id: 'd1d2c2b3b52e851a7768ba1f1960c92c') in 0.004592 seconds
Number of updated asset objects reloaded before import = 0
Number of asset objects unloaded after import = 1
========================================================================
Received Import Request.
  Time since last request: 3.867194 seconds.
  path: Assets/_Project/Content/ScriptableObjects/Items/Bow/ItemStatsRanges/Rare/Bow_Rare_2.asset
  artifactKey: Guid(4f500595a7e35c0458637b743b50528b) Importer(815301076,1909f56bfc062723c751e8b465ee728b)
Start importing Assets/_Project/Content/ScriptableObjects/Items/Bow/ItemStatsRanges/Rare/Bow_Rare_2.asset using Guid(4f500595a7e35c0458637b743b50528b) Importer(815301076,1909f56bfc062723c751e8b465ee728b)  -> (artifact id: '12d2297e8b5c0bd4435db57e238238d7') in 0.001911 seconds
Number of updated asset objects reloaded before import = 0
Number of asset objects unloaded after import = 1
========================================================================
Received Import Request.
  Time since last request: 17.917315 seconds.
  path: Assets/_Project/Content/ScriptableObjects/Items/Bow/ItemStatsRanges/Rare/Bow_Rare_2 1.asset
  artifactKey: Guid(76d82bff1799cb04ea94c150f067b812) Importer(815301076,1909f56bfc062723c751e8b465ee728b)
Start importing Assets/_Project/Content/ScriptableObjects/Items/Bow/ItemStatsRanges/Rare/Bow_Rare_2 1.asset using Guid(76d82bff1799cb04ea94c150f067b812) Importer(815301076,1909f56bfc062723c751e8b465ee728b)  -> (artifact id: '773ac60d2bf1afa9c2ca1e170254c801') in 0.003228 seconds
Number of updated asset objects reloaded before import = 0
Number of asset objects unloaded after import = 1
========================================================================
Received Import Request.
  Time since last request: 0.102960 seconds.
  path: Assets/_Project/Content/ScriptableObjects/Items/Bow/ItemStatsRanges/Rare/Bow_Rare_2.asset
  artifactKey: Guid(4f500595a7e35c0458637b743b50528b) Importer(815301076,1909f56bfc062723c751e8b465ee728b)
Start importing Assets/_Project/Content/ScriptableObjects/Items/Bow/ItemStatsRanges/Rare/Bow_Rare_2.asset using Guid(4f500595a7e35c0458637b743b50528b) Importer(815301076,1909f56bfc062723c751e8b465ee728b)  -> (artifact id: 'e82cb803959742e0b94981f49d1ecf5f') in 0.003758 seconds
Number of updated asset objects reloaded before import = 0
Number of asset objects unloaded after import = 1
========================================================================
Received Import Request.
  Time since last request: 5.724130 seconds.
  path: Assets/_Project/Content/ScriptableObjects/Items/Bow/ItemStatsRanges/Rare/Bow_Rare_4.asset
  artifactKey: Guid(76d82bff1799cb04ea94c150f067b812) Importer(815301076,1909f56bfc062723c751e8b465ee728b)
Start importing Assets/_Project/Content/ScriptableObjects/Items/Bow/ItemStatsRanges/Rare/Bow_Rare_4.asset using Guid(76d82bff1799cb04ea94c150f067b812) Importer(815301076,1909f56bfc062723c751e8b465ee728b)  -> (artifact id: 'a0716ace72450bab7a28730126195b2a') in 0.002236 seconds
Number of updated asset objects reloaded before import = 0
Number of asset objects unloaded after import = 1
========================================================================
Received Import Request.
  Time since last request: 21.583285 seconds.
  path: Assets/_Project/Content/ScriptableObjects/Items/Bow/ItemStatsRanges/Rare/Bow_Rare_4 1.asset
  artifactKey: Guid(1396dee3ee2f81d41bbcc30141589f88) Importer(815301076,1909f56bfc062723c751e8b465ee728b)
Start importing Assets/_Project/Content/ScriptableObjects/Items/Bow/ItemStatsRanges/Rare/Bow_Rare_4 1.asset using Guid(1396dee3ee2f81d41bbcc30141589f88) Importer(815301076,1909f56bfc062723c751e8b465ee728b)  -> (artifact id: '03d70ca774f2ddf1cc132d5257514aa9') in 0.001741 seconds
Number of updated asset objects reloaded before import = 0
Number of asset objects unloaded after import = 1
========================================================================
Received Import Request.
  Time since last request: 0.098970 seconds.
  path: Assets/_Project/Content/ScriptableObjects/Items/Bow/ItemStatsRanges/Rare/Bow_Rare_4.asset
  artifactKey: Guid(76d82bff1799cb04ea94c150f067b812) Importer(815301076,1909f56bfc062723c751e8b465ee728b)
Start importing Assets/_Project/Content/ScriptableObjects/Items/Bow/ItemStatsRanges/Rare/Bow_Rare_4.asset using Guid(76d82bff1799cb04ea94c150f067b812) Importer(815301076,1909f56bfc062723c751e8b465ee728b)  -> (artifact id: 'bbd16da52e4e401b403752733e769412') in 0.003677 seconds
Number of updated asset objects reloaded before import = 0
Number of asset objects unloaded after import = 1
========================================================================
Received Import Request.
  Time since last request: 9.722748 seconds.
  path: Assets/_Project/Content/ScriptableObjects/Items/Bow/ItemStatsRanges/Rare/Bow_Rare_3.asset
  artifactKey: Guid(76d82bff1799cb04ea94c150f067b812) Importer(815301076,1909f56bfc062723c751e8b465ee728b)
Start importing Assets/_Project/Content/ScriptableObjects/Items/Bow/ItemStatsRanges/Rare/Bow_Rare_3.asset using Guid(76d82bff1799cb04ea94c150f067b812) Importer(815301076,1909f56bfc062723c751e8b465ee728b)  -> (artifact id: '5457a021e1ec79bfbba4bb8f5b3913dc') in 0.002640 seconds
Number of updated asset objects reloaded before import = 0
Number of asset objects unloaded after import = 1
========================================================================
Received Import Request.
  Time since last request: 39.621117 seconds.
  path: Assets/_Project/Content/ScriptableObjects/Items/Bow/ItemStatsRanges/Rare/Bow_Rare_4.asset
  artifactKey: Guid(1396dee3ee2f81d41bbcc30141589f88) Importer(815301076,1909f56bfc062723c751e8b465ee728b)
Start importing Assets/_Project/Content/ScriptableObjects/Items/Bow/ItemStatsRanges/Rare/Bow_Rare_4.asset using Guid(1396dee3ee2f81d41bbcc30141589f88) Importer(815301076,1909f56bfc062723c751e8b465ee728b)  -> (artifact id: '5332b7d2ea46c9f6489e56e81cff6f6a') in 0.002974 seconds
Number of updated asset objects reloaded before import = 0
Number of asset objects unloaded after import = 1
========================================================================
Received Import Request.
  Time since last request: 39.071568 seconds.
  path: Assets/_Project/Content/ScriptableObjects/Items/Bow/ItemStatsRanges/Rare/Bow_Rare_4 1.asset
  artifactKey: Guid(0be873b7c48c79a49969d50d528b6522) Importer(815301076,1909f56bfc062723c751e8b465ee728b)
Start importing Assets/_Project/Content/ScriptableObjects/Items/Bow/ItemStatsRanges/Rare/Bow_Rare_4 1.asset using Guid(0be873b7c48c79a49969d50d528b6522) Importer(815301076,1909f56bfc062723c751e8b465ee728b)  -> (artifact id: '939ca6ddff59ae0dd258ebe908d076df') in 0.001780 seconds
Number of updated asset objects reloaded before import = 0
Number of asset objects unloaded after import = 1
========================================================================
Received Import Request.
  Time since last request: 0.102741 seconds.
  path: Assets/_Project/Content/ScriptableObjects/Items/Bow/ItemStatsRanges/Rare/Bow_Rare_4.asset
  artifactKey: Guid(1396dee3ee2f81d41bbcc30141589f88) Importer(815301076,1909f56bfc062723c751e8b465ee728b)
Start importing Assets/_Project/Content/ScriptableObjects/Items/Bow/ItemStatsRanges/Rare/Bow_Rare_4.asset using Guid(1396dee3ee2f81d41bbcc30141589f88) Importer(815301076,1909f56bfc062723c751e8b465ee728b)  -> (artifact id: '144944ead0215d318a0b15b1181b8791') in 0.001873 seconds
Number of updated asset objects reloaded before import = 0
Number of asset objects unloaded after import = 1
========================================================================
Received Import Request.
  Time since last request: 3.481741 seconds.
  path: Assets/_Project/Content/ScriptableObjects/Items/Bow/ItemStatsRanges/Rare/Bow_Rare_5.asset
  artifactKey: Guid(0be873b7c48c79a49969d50d528b6522) Importer(815301076,1909f56bfc062723c751e8b465ee728b)
Start importing Assets/_Project/Content/ScriptableObjects/Items/Bow/ItemStatsRanges/Rare/Bow_Rare_5.asset using Guid(0be873b7c48c79a49969d50d528b6522) Importer(815301076,1909f56bfc062723c751e8b465ee728b)  -> (artifact id: 'dd61e65920dc7f2a22a9543cd5073b29') in 0.002800 seconds
Number of updated asset objects reloaded before import = 0
Number of asset objects unloaded after import = 1
========================================================================
Received Import Request.
  Time since last request: 48.219041 seconds.
  path: Assets/_Project/Content/ScriptableObjects/Items/Weapon/ItemStatsRanges/Magic/WeapWarrMagic_1.asset
  artifactKey: Guid(4622ea54d9f8950439ada0d8ff5c595a) Importer(815301076,1909f56bfc062723c751e8b465ee728b)
Start importing Assets/_Project/Content/ScriptableObjects/Items/Weapon/ItemStatsRanges/Magic/WeapWarrMagic_1.asset using Guid(4622ea54d9f8950439ada0d8ff5c595a) Importer(815301076,1909f56bfc062723c751e8b465ee728b)  -> (artifact id: 'd9cc62b885cd22759f9d0b3b1963ae1f') in 0.003331 seconds
Number of updated asset objects reloaded before import = 0
Number of asset objects unloaded after import = 1
========================================================================
Received Import Request.
  Time since last request: 0.000040 seconds.
  path: Assets/_Project/Content/ScriptableObjects/Items/Weapon/ItemStatsRanges/Magic/WeapWarrMagic_6.asset
  artifactKey: Guid(fb0e0bdf514ed2a44923d1b2789caa15) Importer(815301076,1909f56bfc062723c751e8b465ee728b)
Start importing Assets/_Project/Content/ScriptableObjects/Items/Weapon/ItemStatsRanges/Magic/WeapWarrMagic_6.asset using Guid(fb0e0bdf514ed2a44923d1b2789caa15) Importer(815301076,1909f56bfc062723c751e8b465ee728b)  -> (artifact id: '90b90444b1ea75450fc9d0e5ef7e1640') in 0.023151 seconds
Number of updated asset objects reloaded before import = 0
Number of asset objects unloaded after import = 1
========================================================================
Received Import Request.
  Time since last request: 0.000046 seconds.
  path: Assets/_Project/Content/ScriptableObjects/Items/Weapon/ItemStatsRanges/Magic/WeapWarrMagic_3.asset
  artifactKey: Guid(d9bb262e0e9e4a34bb989cd6afa2582c) Importer(815301076,1909f56bfc062723c751e8b465ee728b)
Start importing Assets/_Project/Content/ScriptableObjects/Items/Weapon/ItemStatsRanges/Magic/WeapWarrMagic_3.asset using Guid(d9bb262e0e9e4a34bb989cd6afa2582c) Importer(815301076,1909f56bfc062723c751e8b465ee728b)  -> (artifact id: '9896c56103d96c2dabb2c40911a26aab') in 0.002344 seconds
Number of updated asset objects reloaded before import = 0
Number of asset objects unloaded after import = 1
========================================================================
Received Import Request.
  Time since last request: 0.000063 seconds.
  path: Assets/_Project/Content/ScriptableObjects/Items/Weapon/ItemStatsRanges/Magic/WeapWarrMagic_4.asset
  artifactKey: Guid(df10128591ffda44b9b41ba73086d465) Importer(815301076,1909f56bfc062723c751e8b465ee728b)
Start importing Assets/_Project/Content/ScriptableObjects/Items/Weapon/ItemStatsRanges/Magic/WeapWarrMagic_4.asset using Guid(df10128591ffda44b9b41ba73086d465) Importer(815301076,1909f56bfc062723c751e8b465ee728b)  -> (artifact id: 'a36b321bdfc557475eeeca5bb474f426') in 0.002281 seconds
Number of updated asset objects reloaded before import = 0
Number of asset objects unloaded after import = 1
========================================================================
Received Import Request.
  Time since last request: 0.000066 seconds.
  path: Assets/_Project/Content/ScriptableObjects/Items/Weapon/ItemStatsRanges/Magic/WeapWarrMagic_8.asset
  artifactKey: Guid(9d51ed5c733b3804194f7e7e1a3d13fe) Importer(815301076,1909f56bfc062723c751e8b465ee728b)
Start importing Assets/_Project/Content/ScriptableObjects/Items/Weapon/ItemStatsRanges/Magic/WeapWarrMagic_8.asset using Guid(9d51ed5c733b3804194f7e7e1a3d13fe) Importer(815301076,1909f56bfc062723c751e8b465ee728b)  -> (artifact id: '927dc56a4cc288f8664f546ba932cc77') in 0.003127 seconds
Number of updated asset objects reloaded before import = 0
Number of asset objects unloaded after import = 1
========================================================================
Received Import Request.
  Time since last request: 0.000047 seconds.
  path: Assets/_Project/Content/ScriptableObjects/Items/Weapon/ItemStatsRanges/Magic/WeapWarrMagic_5.asset
  artifactKey: Guid(01e541f12daea4043a625dfd0dc2e4b8) Importer(815301076,1909f56bfc062723c751e8b465ee728b)
Start importing Assets/_Project/Content/ScriptableObjects/Items/Weapon/ItemStatsRanges/Magic/WeapWarrMagic_5.asset using Guid(01e541f12daea4043a625dfd0dc2e4b8) Importer(815301076,1909f56bfc062723c751e8b465ee728b)  -> (artifact id: '5d987240f9b5158f82c6b6fbb73e88f4') in 0.003519 seconds
Number of updated asset objects reloaded before import = 0
Number of asset objects unloaded after import = 1
========================================================================
Received Import Request.
  Time since last request: 0.000049 seconds.
  path: Assets/_Project/Content/ScriptableObjects/Items/Weapon/ItemStatsRanges/Magic/WeapWarrMagic_2.asset
  artifactKey: Guid(6330c85220a226b49b9e0aac2a37a197) Importer(815301076,1909f56bfc062723c751e8b465ee728b)
Start importing Assets/_Project/Content/ScriptableObjects/Items/Weapon/ItemStatsRanges/Magic/WeapWarrMagic_2.asset using Guid(6330c85220a226b49b9e0aac2a37a197) Importer(815301076,1909f56bfc062723c751e8b465ee728b)  -> (artifact id: '9ddea530a9b3bc9de7922fa101cd4b27') in 0.010641 seconds
Number of updated asset objects reloaded before import = 0
Number of asset objects unloaded after import = 1
========================================================================
Received Import Request.
  Time since last request: 0.000069 seconds.
  path: Assets/_Project/Content/ScriptableObjects/Items/Weapon/ItemStatsRanges/Magic/WeapWarrMagic_7.asset
  artifactKey: Guid(25a6dccaeac376c42b254dd2bf222776) Importer(815301076,1909f56bfc062723c751e8b465ee728b)
Start importing Assets/_Project/Content/ScriptableObjects/Items/Weapon/ItemStatsRanges/Magic/WeapWarrMagic_7.asset using Guid(25a6dccaeac376c42b254dd2bf222776) Importer(815301076,1909f56bfc062723c751e8b465ee728b)  -> (artifact id: 'e9af87e5716af0388dac2a9ee9a48bc0') in 0.002938 seconds
Number of updated asset objects reloaded before import = 0
Number of asset objects unloaded after import = 1
========================================================================
Received Import Request.
  Time since last request: 42.373749 seconds.
  path: Assets/_Project/Content/ScriptableObjects/Items/Bow/ItemStatsRanges/Magic/Bow_Magic_1.asset
  artifactKey: Guid(a5b23520e5fe4b04d949070004486f7c) Importer(815301076,1909f56bfc062723c751e8b465ee728b)
Start importing Assets/_Project/Content/ScriptableObjects/Items/Bow/ItemStatsRanges/Magic/Bow_Magic_1.asset using Guid(a5b23520e5fe4b04d949070004486f7c) Importer(815301076,1909f56bfc062723c751e8b465ee728b)  -> (artifact id: 'e19e37c34623261effc496e014ca2856') in 0.002607 seconds
Number of updated asset objects reloaded before import = 0
Number of asset objects unloaded after import = 1
========================================================================
Received Import Request.
  Time since last request: 247.880832 seconds.
  path: Assets/_Project/Content/ScriptableObjects/Items/Bow/ItemStatsRanges/Magic/Bow_Magic_1 1.asset
  artifactKey: Guid(205f968372cd2b743af3c6b559e69668) Importer(815301076,1909f56bfc062723c751e8b465ee728b)
Start importing Assets/_Project/Content/ScriptableObjects/Items/Bow/ItemStatsRanges/Magic/Bow_Magic_1 1.asset using Guid(205f968372cd2b743af3c6b559e69668) Importer(815301076,1909f56bfc062723c751e8b465ee728b)  -> (artifact id: '0e06fd7686d83496a0f8d6a83a8bee7a') in 0.003076 seconds
Number of updated asset objects reloaded before import = 0
Number of asset objects unloaded after import = 1
========================================================================
Received Import Request.
  Time since last request: 0.100158 seconds.
  path: Assets/_Project/Content/ScriptableObjects/Items/Bow/ItemStatsRanges/Magic/Bow_Magic_1.asset
  artifactKey: Guid(a5b23520e5fe4b04d949070004486f7c) Importer(815301076,1909f56bfc062723c751e8b465ee728b)
Start importing Assets/_Project/Content/ScriptableObjects/Items/Bow/ItemStatsRanges/Magic/Bow_Magic_1.asset using Guid(a5b23520e5fe4b04d949070004486f7c) Importer(815301076,1909f56bfc062723c751e8b465ee728b)  -> (artifact id: '0cdf350e2c57b3cdd72ca4a136785d04') in 0.002543 seconds
Number of updated asset objects reloaded before import = 0
Number of asset objects unloaded after import = 1
========================================================================
Received Import Request.
  Time since last request: 11.601338 seconds.
  path: Assets/_Project/Content/ScriptableObjects/Items/Bow/ItemStatsRanges/Magic/Bow_Magic_2.asset
  artifactKey: Guid(205f968372cd2b743af3c6b559e69668) Importer(815301076,1909f56bfc062723c751e8b465ee728b)
Start importing Assets/_Project/Content/ScriptableObjects/Items/Bow/ItemStatsRanges/Magic/Bow_Magic_2.asset using Guid(205f968372cd2b743af3c6b559e69668) Importer(815301076,1909f56bfc062723c751e8b465ee728b)  -> (artifact id: 'a5d807cf940e629b1e24f48bb78d4201') in 0.001744 seconds
Number of updated asset objects reloaded before import = 0
Number of asset objects unloaded after import = 1
========================================================================
Received Import Request.
  Time since last request: 441.029729 seconds.
  path: Assets/_Project/Content/ScriptableObjects/Items/Bow/ItemStatsRanges/Magic/Bow_Magic_2 1.asset
  artifactKey: Guid(2d15739186df03d4ea691daed4b023bb) Importer(815301076,1909f56bfc062723c751e8b465ee728b)
Start importing Assets/_Project/Content/ScriptableObjects/Items/Bow/ItemStatsRanges/Magic/Bow_Magic_2 1.asset using Guid(2d15739186df03d4ea691daed4b023bb) Importer(815301076,1909f56bfc062723c751e8b465ee728b)  -> (artifact id: 'e9432a8440fc16e6290ce47e7bbfd7f8') in 0.019741 seconds
Number of updated asset objects reloaded before import = 0
Number of asset objects unloaded after import = 1
========================================================================
Received Import Request.
  Time since last request: 0.086862 seconds.
  path: Assets/_Project/Content/ScriptableObjects/Items/Bow/ItemStatsRanges/Magic/Bow_Magic_1.asset
  artifactKey: Guid(a5b23520e5fe4b04d949070004486f7c) Importer(815301076,1909f56bfc062723c751e8b465ee728b)
Start importing Assets/_Project/Content/ScriptableObjects/Items/Bow/ItemStatsRanges/Magic/Bow_Magic_1.asset using Guid(a5b23520e5fe4b04d949070004486f7c) Importer(815301076,1909f56bfc062723c751e8b465ee728b)  -> (artifact id: '6cedf185aa63cd8ab9c54d4a5763e15d') in 0.005837 seconds
Number of updated asset objects reloaded before import = 0
Number of asset objects unloaded after import = 1
========================================================================
Received Import Request.
  Time since last request: 3.977634 seconds.
  path: Assets/_Project/Content/ScriptableObjects/Items/Bow/ItemStatsRanges/Magic/Bow_Magic_3.asset
  artifactKey: Guid(2d15739186df03d4ea691daed4b023bb) Importer(815301076,1909f56bfc062723c751e8b465ee728b)
Start importing Assets/_Project/Content/ScriptableObjects/Items/Bow/ItemStatsRanges/Magic/Bow_Magic_3.asset using Guid(2d15739186df03d4ea691daed4b023bb) Importer(815301076,1909f56bfc062723c751e8b465ee728b)  -> (artifact id: '6594322d81a51747a98de566b8bd8813') in 0.003635 seconds
Number of updated asset objects reloaded before import = 0
Number of asset objects unloaded after import = 1
========================================================================
Received Import Request.
  Time since last request: 93.085470 seconds.
  path: Assets/_Project/Content/ScriptableObjects/Items/Bow/ItemStatsRanges/Magic/Bow_Magic_3 1.asset
  artifactKey: Guid(12d6a97c424d45f48a718633132faeeb) Importer(815301076,1909f56bfc062723c751e8b465ee728b)
Start importing Assets/_Project/Content/ScriptableObjects/Items/Bow/ItemStatsRanges/Magic/Bow_Magic_3 1.asset using Guid(12d6a97c424d45f48a718633132faeeb) Importer(815301076,1909f56bfc062723c751e8b465ee728b)  -> (artifact id: '8c253a364c3b07684c6d645e6c86de68') in 0.007043 seconds
Number of updated asset objects reloaded before import = 0
Number of asset objects unloaded after import = 1
========================================================================
Received Import Request.
  Time since last request: 0.108394 seconds.
  path: Assets/_Project/Content/ScriptableObjects/Items/Bow/ItemStatsRanges/Magic/Bow_Magic_3.asset
  artifactKey: Guid(2d15739186df03d4ea691daed4b023bb) Importer(815301076,1909f56bfc062723c751e8b465ee728b)
Start importing Assets/_Project/Content/ScriptableObjects/Items/Bow/ItemStatsRanges/Magic/Bow_Magic_3.asset using Guid(2d15739186df03d4ea691daed4b023bb) Importer(815301076,1909f56bfc062723c751e8b465ee728b)  -> (artifact id: '31316ff32cf800fa18994c4f7bba138c') in 0.002814 seconds
Number of updated asset objects reloaded before import = 0
Number of asset objects unloaded after import = 1
========================================================================
Received Import Request.
  Time since last request: 3.440582 seconds.
  path: Assets/_Project/Content/ScriptableObjects/Items/Bow/ItemStatsRanges/Magic/Bow_Magic_4.asset
  artifactKey: Guid(12d6a97c424d45f48a718633132faeeb) Importer(815301076,1909f56bfc062723c751e8b465ee728b)
Start importing Assets/_Project/Content/ScriptableObjects/Items/Bow/ItemStatsRanges/Magic/Bow_Magic_4.asset using Guid(12d6a97c424d45f48a718633132faeeb) Importer(815301076,1909f56bfc062723c751e8b465ee728b)  -> (artifact id: 'b80edba2ac41938c26eb79dd2c9a67f5') in 0.002336 seconds
Number of updated asset objects reloaded before import = 0
Number of asset objects unloaded after import = 1
========================================================================
Received Import Request.
  Time since last request: 87.970830 seconds.
  path: Assets/_Project/Content/ScriptableObjects/Items/Bow/ItemStatsRanges/Magic/Bow_Magic_4.asset
  artifactKey: Guid(12d6a97c424d45f48a718633132faeeb) Importer(815301076,1909f56bfc062723c751e8b465ee728b)
Start importing Assets/_Project/Content/ScriptableObjects/Items/Bow/ItemStatsRanges/Magic/Bow_Magic_4.asset using Guid(12d6a97c424d45f48a718633132faeeb) Importer(815301076,1909f56bfc062723c751e8b465ee728b)  -> (artifact id: '3d0a4dec7c55cb7ecbd2e41638f3cc99') in 0.001901 seconds
Number of updated asset objects reloaded before import = 0
Number of asset objects unloaded after import = 1
========================================================================
Received Import Request.
  Time since last request: 0.000040 seconds.
  path: Assets/_Project/Content/ScriptableObjects/Items/Bow/ItemStatsRanges/Magic/Bow_Magic_4 1.asset
  artifactKey: Guid(d85b07127ecc68c4fabcdb50f8124c3d) Importer(815301076,1909f56bfc062723c751e8b465ee728b)
Start importing Assets/_Project/Content/ScriptableObjects/Items/Bow/ItemStatsRanges/Magic/Bow_Magic_4 1.asset using Guid(d85b07127ecc68c4fabcdb50f8124c3d) Importer(815301076,1909f56bfc062723c751e8b465ee728b)  -> (artifact id: 'ab6cfa7cfe06f5ddef8e754bcea1490e') in 0.002505 seconds
Number of updated asset objects reloaded before import = 0
Number of asset objects unloaded after import = 1
========================================================================
Received Import Request.
  Time since last request: 3.247452 seconds.
  path: Assets/_Project/Content/ScriptableObjects/Items/Bow/ItemStatsRanges/Magic/Bow_Magic_5.asset
  artifactKey: Guid(d85b07127ecc68c4fabcdb50f8124c3d) Importer(815301076,1909f56bfc062723c751e8b465ee728b)
Start importing Assets/_Project/Content/ScriptableObjects/Items/Bow/ItemStatsRanges/Magic/Bow_Magic_5.asset using Guid(d85b07127ecc68c4fabcdb50f8124c3d) Importer(815301076,1909f56bfc062723c751e8b465ee728b)  -> (artifact id: '28f174b30aefcbbec53cfc6df77b0014') in 0.002071 seconds
Number of updated asset objects reloaded before import = 0
Number of asset objects unloaded after import = 1
========================================================================
Received Import Request.
  Time since last request: 22.354337 seconds.
  path: Assets/_Project/Content/ScriptableObjects/Items/Bow/ItemStatsRanges/Base/Bow_Base_5.asset
  artifactKey: Guid(34a5214a4a8dfd544bbc7b57d4ca17e7) Importer(815301076,1909f56bfc062723c751e8b465ee728b)
Start importing Assets/_Project/Content/ScriptableObjects/Items/Bow/ItemStatsRanges/Base/Bow_Base_5.asset using Guid(34a5214a4a8dfd544bbc7b57d4ca17e7) Importer(815301076,1909f56bfc062723c751e8b465ee728b)  -> (artifact id: '3a313a493115852fc7cb42e39a86b7c5') in 0.002321 seconds
Number of updated asset objects reloaded before import = 0
Number of asset objects unloaded after import = 1
========================================================================
Received Import Request.
  Time since last request: 39.772052 seconds.
  path: Assets/_Project/Content/ScriptableObjects/Items/Bow/ItemStatsRanges/Rare/Bow_Rare_5.asset
  artifactKey: Guid(0be873b7c48c79a49969d50d528b6522) Importer(815301076,1909f56bfc062723c751e8b465ee728b)
Start importing Assets/_Project/Content/ScriptableObjects/Items/Bow/ItemStatsRanges/Rare/Bow_Rare_5.asset using Guid(0be873b7c48c79a49969d50d528b6522) Importer(815301076,1909f56bfc062723c751e8b465ee728b)  -> (artifact id: '694c6c54717b3884538b1b47eb7e820f') in 0.002695 seconds
Number of updated asset objects reloaded before import = 0
Number of asset objects unloaded after import = 1
========================================================================
Received Import Request.
  Time since last request: 75.642758 seconds.
  path: Assets/_Project/Content/ScriptableObjects/Items/Bow/ItemStatsRanges/Magic/Bow_Magic_5.asset
  artifactKey: Guid(d85b07127ecc68c4fabcdb50f8124c3d) Importer(815301076,1909f56bfc062723c751e8b465ee728b)
Start importing Assets/_Project/Content/ScriptableObjects/Items/Bow/ItemStatsRanges/Magic/Bow_Magic_5.asset using Guid(d85b07127ecc68c4fabcdb50f8124c3d) Importer(815301076,1909f56bfc062723c751e8b465ee728b)  -> (artifact id: 'ecaf55195164121389dfdf688beec60b') in 0.007391 seconds
Number of updated asset objects reloaded before import = 0
Number of asset objects unloaded after import = 1
========================================================================
Received Prepare
Begin MonoManager ReloadAssembly
Symbol file LoadedFromMemory is not a mono symbol file
- Loaded All Assemblies, in  3.839 seconds
Refreshing native plugins compatible for Editor in 13.91 ms, found 3 plugins.
Native extension for UWP target not found
Native extension for LinuxStandalone target not found
Native extension for WindowsStandalone target not found
Native extension for AppleTV target not found
Native extension for iOS target not found
Native extension for Android target not found
Native extension for OSXStandalone target not found
Native extension for WebGL target not found
[Package Manager] Server::EnsureServerProcessIsRunning -- launch failed, reason: Unity was launched with the -noUpm command-line argument
[Package Manager] UpmClient::Send -- Unable to send message (not connected to UPM process).
[Package Manager] Cannot connect to Unity Package Manager local server
Mono: successfully reloaded assembly
- Finished resetting the current domain, in 11.660 seconds
Domain Reload Profiling: 15502ms
	BeginReloadAssembly (1021ms)
		ExecutionOrderSort (0ms)
		DisableScriptedObjects (92ms)
		BackupInstance (0ms)
		ReleaseScriptingObjects (0ms)
		CreateAndSetChildDomain (411ms)
	RebuildCommonClasses (549ms)
	RebuildNativeTypeToScriptingClass (47ms)
	initialDomainReloadingComplete (129ms)
	LoadAllAssembliesAndSetupDomain (2092ms)
		LoadAssemblies (2358ms)
		RebuildTransferFunctionScriptingTraits (0ms)
		AnalyzeDomain (80ms)
			TypeCache.Refresh (44ms)
				TypeCache.ScanAssembly (0ms)
			ScanForSourceGeneratedMonoScriptInfo (1ms)
			ResolveRequiredComponents (27ms)
	FinalizeReload (11665ms)
		ReleaseScriptCaches (0ms)
		RebuildScriptCaches (0ms)
		SetupLoadedEditorAssemblies (8899ms)
			LogAssemblyErrors (0ms)
			InitializePlatformSupportModulesInManaged (260ms)
			SetLoadedEditorAssemblies (31ms)
			RefreshPlugins (0ms)
			BeforeProcessingInitializeOnLoad (448ms)
			ProcessInitializeOnLoadAttributes (7829ms)
			ProcessInitializeOnLoadMethodAttributes (309ms)
			AfterProcessingInitializeOnLoad (20ms)
			EditorAssembliesLoaded (2ms)
		ExecutionOrderSort2 (0ms)
		AwakeInstancesAfterBackupRestoration (82ms)
Refreshing native plugins compatible for Editor in 11.16 ms, found 3 plugins.
Preloading 0 native plugins for Editor in 0.00 ms.
Unloading 4295 Unused Serialized files (Serialized files now loaded: 0)
Unloading 45 unused Assets / (229.3 KB). Loaded Objects now: 4816.
Memory consumption went from 155.9 MB to 155.6 MB.
Total: 25.797499 ms (FindLiveObjects: 0.697040 ms CreateObjectMapping: 0.640467 ms MarkObjects: 23.894857 ms  DeleteObjects: 0.561618 ms)

Prepare: number of updated asset objects reloaded= 0
AssetImportParameters requested are different than current active one (requested -> active):
  custom:container-demuxer-ogg: 62fdf1f143b41e24485cea50d1cbac27 -> 
  custom:video-codec-MediaFoundation-h265: 55f8c8538cf0483ab7069ead6b737db2 -> 
  custom:video-decoder-ogg-theora: a1e56fd34408186e4bbccfd4996cb3dc -> 
  custom:framework-win-MediaFoundation: 216162199b28c13a410421893ffa2e32 -> 
  custom:CustomObjectIndexerAttribute: 9a22284fe3817be447336de3de66b15e -> 
  custom:container-demuxer-webm: 4f35f7cbe854078d1ac9338744f61a02 -> 
  custom:container-muxer-webm: aa71ff27fc2769a1b78a27578f13a17b -> 
  custom:video-decoder-webm-vp8: 9c59270c3fd7afecdb556c50c9e8de78 -> 
  custom:SearchIndexIgnoredProperties: e643bd26f0fe6173181afceb89e7c659 -> 
  custom:AudioImporter_EditorPlatform: d09bf68614088b80899f8185d706f6e7 -> 
  custom:video-encoder-webm-vp8: eb34c28f22e8b96e1ab97ce403110664 -> 
  custom:audio-decoder-ogg-vorbis: bf7c407c2cedff20999df2af8eb42d56 -> 
  custom:audio-encoder-webm-vorbis: bf7c407c2cedff20999df2af8eb42d56 -> 
========================================================================
Received Prepare
Begin MonoManager ReloadAssembly
Symbol file LoadedFromMemory is not a mono symbol file
- Loaded All Assemblies, in  1.936 seconds
Refreshing native plugins compatible for Editor in 8.81 ms, found 3 plugins.
Native extension for UWP target not found
Native extension for LinuxStandalone target not found
Native extension for WindowsStandalone target not found
Native extension for AppleTV target not found
Native extension for iOS target not found
Native extension for Android target not found
Native extension for OSXStandalone target not found
Native extension for WebGL target not found
[Package Manager] Server::EnsureServerProcessIsRunning -- launch failed, reason: Unity was launched with the -noUpm command-line argument
[Package Manager] UpmClient::Send -- Unable to send message (not connected to UPM process).
[Package Manager] Cannot connect to Unity Package Manager local server
Mono: successfully reloaded assembly
- Finished resetting the current domain, in 11.799 seconds
Domain Reload Profiling: 13732ms
	BeginReloadAssembly (574ms)
		ExecutionOrderSort (0ms)
		DisableScriptedObjects (45ms)
		BackupInstance (0ms)
		ReleaseScriptingObjects (0ms)
		CreateAndSetChildDomain (156ms)
	RebuildCommonClasses (145ms)
	RebuildNativeTypeToScriptingClass (30ms)
	initialDomainReloadingComplete (119ms)
	LoadAllAssembliesAndSetupDomain (1064ms)
		LoadAssemblies (1299ms)
		RebuildTransferFunctionScriptingTraits (0ms)
		AnalyzeDomain (55ms)
			TypeCache.Refresh (25ms)
				TypeCache.ScanAssembly (0ms)
			ScanForSourceGeneratedMonoScriptInfo (0ms)
			ResolveRequiredComponents (27ms)
	FinalizeReload (11801ms)
		ReleaseScriptCaches (0ms)
		RebuildScriptCaches (0ms)
		SetupLoadedEditorAssemblies (9018ms)
			LogAssemblyErrors (0ms)
			InitializePlatformSupportModulesInManaged (266ms)
			SetLoadedEditorAssemblies (24ms)
			RefreshPlugins (0ms)
			BeforeProcessingInitializeOnLoad (391ms)
			ProcessInitializeOnLoadAttributes (7892ms)
			ProcessInitializeOnLoadMethodAttributes (425ms)
			AfterProcessingInitializeOnLoad (21ms)
			EditorAssembliesLoaded (1ms)
		ExecutionOrderSort2 (0ms)
		AwakeInstancesAfterBackupRestoration (93ms)
Refreshing native plugins compatible for Editor in 12.38 ms, found 3 plugins.
Preloading 0 native plugins for Editor in 0.00 ms.
Unloading 4296 Unused Serialized files (Serialized files now loaded: 0)
Unloading 45 unused Assets / (228.4 KB). Loaded Objects now: 4833.
Memory consumption went from 158.0 MB to 157.8 MB.
Total: 13.931998 ms (FindLiveObjects: 0.630501 ms CreateObjectMapping: 0.524978 ms MarkObjects: 12.402790 ms  DeleteObjects: 0.371090 ms)

Prepare: number of updated asset objects reloaded= 0
AssetImportParameters requested are different than current active one (requested -> active):
  custom:container-demuxer-ogg: 62fdf1f143b41e24485cea50d1cbac27 -> 
  custom:video-codec-MediaFoundation-h265: 55f8c8538cf0483ab7069ead6b737db2 -> 
  custom:video-decoder-ogg-theora: a1e56fd34408186e4bbccfd4996cb3dc -> 
  custom:framework-win-MediaFoundation: 216162199b28c13a410421893ffa2e32 -> 
  custom:CustomObjectIndexerAttribute: 9a22284fe3817be447336de3de66b15e -> 
  custom:container-demuxer-webm: 4f35f7cbe854078d1ac9338744f61a02 -> 
  custom:container-muxer-webm: aa71ff27fc2769a1b78a27578f13a17b -> 
  custom:video-decoder-webm-vp8: 9c59270c3fd7afecdb556c50c9e8de78 -> 
  custom:SearchIndexIgnoredProperties: e643bd26f0fe6173181afceb89e7c659 -> 
  custom:AudioImporter_EditorPlatform: d09bf68614088b80899f8185d706f6e7 -> 
  custom:video-encoder-webm-vp8: eb34c28f22e8b96e1ab97ce403110664 -> 
  custom:audio-decoder-ogg-vorbis: bf7c407c2cedff20999df2af8eb42d56 -> 
  custom:audio-encoder-webm-vorbis: bf7c407c2cedff20999df2af8eb42d56 -> 
========================================================================
Received Prepare
Begin MonoManager ReloadAssembly
Symbol file LoadedFromMemory is not a mono symbol file
- Loaded All Assemblies, in  2.055 seconds
Refreshing native plugins compatible for Editor in 27.22 ms, found 3 plugins.
Native extension for UWP target not found
Native extension for LinuxStandalone target not found
Native extension for WindowsStandalone target not found
Native extension for AppleTV target not found
Native extension for iOS target not found
Native extension for Android target not found
Native extension for OSXStandalone target not found
Native extension for WebGL target not found
[Package Manager] Server::EnsureServerProcessIsRunning -- launch failed, reason: Unity was launched with the -noUpm command-line argument
[Package Manager] UpmClient::Send -- Unable to send message (not connected to UPM process).
[Package Manager] Cannot connect to Unity Package Manager local server
Mono: successfully reloaded assembly
- Finished resetting the current domain, in 12.190 seconds
Domain Reload Profiling: 14244ms
	BeginReloadAssembly (599ms)
		ExecutionOrderSort (0ms)
		DisableScriptedObjects (50ms)
		BackupInstance (0ms)
		ReleaseScriptingObjects (0ms)
		CreateAndSetChildDomain (180ms)
	RebuildCommonClasses (202ms)
	RebuildNativeTypeToScriptingClass (31ms)
	initialDomainReloadingComplete (99ms)
	LoadAllAssembliesAndSetupDomain (1120ms)
		LoadAssemblies (1348ms)
		RebuildTransferFunctionScriptingTraits (0ms)
		AnalyzeDomain (45ms)
			TypeCache.Refresh (15ms)
				TypeCache.ScanAssembly (0ms)
			ScanForSourceGeneratedMonoScriptInfo (0ms)
			ResolveRequiredComponents (26ms)
	FinalizeReload (12192ms)
		ReleaseScriptCaches (0ms)
		RebuildScriptCaches (0ms)
		SetupLoadedEditorAssemblies (9596ms)
			LogAssemblyErrors (0ms)
			InitializePlatformSupportModulesInManaged (411ms)
			SetLoadedEditorAssemblies (23ms)
			RefreshPlugins (0ms)
			BeforeProcessingInitializeOnLoad (467ms)
			ProcessInitializeOnLoadAttributes (8325ms)
			ProcessInitializeOnLoadMethodAttributes (357ms)
			AfterProcessingInitializeOnLoad (10ms)
			EditorAssembliesLoaded (3ms)
		ExecutionOrderSort2 (0ms)
		AwakeInstancesAfterBackupRestoration (81ms)
Refreshing native plugins compatible for Editor in 13.76 ms, found 3 plugins.
Preloading 0 native plugins for Editor in 0.00 ms.
Unloading 4296 Unused Serialized files (Serialized files now loaded: 0)
Unloading 45 unused Assets / (228.2 KB). Loaded Objects now: 4850.
Memory consumption went from 160.0 MB to 159.8 MB.
Total: 23.274908 ms (FindLiveObjects: 1.394372 ms CreateObjectMapping: 1.176584 ms MarkObjects: 20.188353 ms  DeleteObjects: 0.512960 ms)

Prepare: number of updated asset objects reloaded= 0
AssetImportParameters requested are different than current active one (requested -> active):
  custom:container-demuxer-ogg: 62fdf1f143b41e24485cea50d1cbac27 -> 
  custom:video-codec-MediaFoundation-h265: 55f8c8538cf0483ab7069ead6b737db2 -> 
  custom:video-decoder-ogg-theora: a1e56fd34408186e4bbccfd4996cb3dc -> 
  custom:framework-win-MediaFoundation: 216162199b28c13a410421893ffa2e32 -> 
  custom:CustomObjectIndexerAttribute: 9a22284fe3817be447336de3de66b15e -> 
  custom:container-demuxer-webm: 4f35f7cbe854078d1ac9338744f61a02 -> 
  custom:container-muxer-webm: aa71ff27fc2769a1b78a27578f13a17b -> 
  custom:video-decoder-webm-vp8: 9c59270c3fd7afecdb556c50c9e8de78 -> 
  custom:SearchIndexIgnoredProperties: e643bd26f0fe6173181afceb89e7c659 -> 
  custom:AudioImporter_EditorPlatform: d09bf68614088b80899f8185d706f6e7 -> 
  custom:video-encoder-webm-vp8: eb34c28f22e8b96e1ab97ce403110664 -> 
  custom:audio-decoder-ogg-vorbis: bf7c407c2cedff20999df2af8eb42d56 -> 
  custom:audio-encoder-webm-vorbis: bf7c407c2cedff20999df2af8eb42d56 -> 
========================================================================
Received Import Request.
  Time since last request: 1175.012681 seconds.
  path: Assets/_Project/Content/ScriptableObjects/Items/Bow/ItemStatsRanges/Magic/Bow_Magic_1.asset
  artifactKey: Guid(a5b23520e5fe4b04d949070004486f7c) Importer(815301076,1909f56bfc062723c751e8b465ee728b)
Start importing Assets/_Project/Content/ScriptableObjects/Items/Bow/ItemStatsRanges/Magic/Bow_Magic_1.asset using Guid(a5b23520e5fe4b04d949070004486f7c) Importer(815301076,1909f56bfc062723c751e8b465ee728b)  -> (artifact id: '33a59f4d09f1d1dae5c6cfd25419a41e') in 0.040281 seconds
Number of updated asset objects reloaded before import = 0
Number of asset objects unloaded after import = 1
========================================================================
Received Import Request.
  Time since last request: 0.000046 seconds.
  path: Assets/_Project/Content/ScriptableObjects/Items/Bow/ItemStatsRanges/Magic/Bow_Magic_4.asset
  artifactKey: Guid(12d6a97c424d45f48a718633132faeeb) Importer(815301076,1909f56bfc062723c751e8b465ee728b)
Start importing Assets/_Project/Content/ScriptableObjects/Items/Bow/ItemStatsRanges/Magic/Bow_Magic_4.asset using Guid(12d6a97c424d45f48a718633132faeeb) Importer(815301076,1909f56bfc062723c751e8b465ee728b)  -> (artifact id: '3d0699ec2f2c11cabb7497490742395f') in 0.008916 seconds
Number of updated asset objects reloaded before import = 0
Number of asset objects unloaded after import = 1
========================================================================
Received Import Request.
  Time since last request: 0.000043 seconds.
  path: Assets/_Project/Content/ScriptableObjects/Items/Bow/ItemStatsRanges/Magic/Bow_Magic_3.asset
  artifactKey: Guid(2d15739186df03d4ea691daed4b023bb) Importer(815301076,1909f56bfc062723c751e8b465ee728b)
Start importing Assets/_Project/Content/ScriptableObjects/Items/Bow/ItemStatsRanges/Magic/Bow_Magic_3.asset using Guid(2d15739186df03d4ea691daed4b023bb) Importer(815301076,1909f56bfc062723c751e8b465ee728b)  -> (artifact id: '762a421dd6a23ab5c761481b21e47691') in 0.002123 seconds
Number of updated asset objects reloaded before import = 0
Number of asset objects unloaded after import = 1
========================================================================
Received Import Request.
  Time since last request: 0.000337 seconds.
  path: Assets/_Project/Content/ScriptableObjects/Items/Bow/ItemStatsRanges/Magic/Bow_Magic_5.asset
  artifactKey: Guid(d85b07127ecc68c4fabcdb50f8124c3d) Importer(815301076,1909f56bfc062723c751e8b465ee728b)
Start importing Assets/_Project/Content/ScriptableObjects/Items/Bow/ItemStatsRanges/Magic/Bow_Magic_5.asset using Guid(d85b07127ecc68c4fabcdb50f8124c3d) Importer(815301076,1909f56bfc062723c751e8b465ee728b)  -> (artifact id: 'b11af2d15a318036d8b56d444eaf42b2') in 0.002228 seconds
Number of updated asset objects reloaded before import = 0
Number of asset objects unloaded after import = 1
========================================================================
Received Import Request.
  Time since last request: 0.000039 seconds.
  path: Assets/_Project/Content/ScriptableObjects/Items/Bow/ItemStatsRanges/Magic/Bow_Magic_2.asset
  artifactKey: Guid(205f968372cd2b743af3c6b559e69668) Importer(815301076,1909f56bfc062723c751e8b465ee728b)
Start importing Assets/_Project/Content/ScriptableObjects/Items/Bow/ItemStatsRanges/Magic/Bow_Magic_2.asset using Guid(205f968372cd2b743af3c6b559e69668) Importer(815301076,1909f56bfc062723c751e8b465ee728b)  -> (artifact id: '9f15afb2b2b4016514c8a4d94dea2260') in 0.003393 seconds
Number of updated asset objects reloaded before import = 0
Number of asset objects unloaded after import = 1
